<?xml version="1.0" encoding="UTF-8"?>
<testsuite xmlns:xsi="http://www.w3.org/2001/XMLSchema-instance" xsi:noNamespaceSchemaLocation="https://maven.apache.org/surefire/maven-surefire-plugin/xsd/surefire-test-report-3.0.xsd" version="3.0" name="TestSuite" time="105.076" tests="4" errors="0" skipped="2" failures="1">
  <properties>
    <property name="sun.desktop" value="gnome"/>
    <property name="awt.toolkit" value="sun.awt.X11.XToolkit"/>
    <property name="file.encoding.pkg" value="sun.io"/>
    <property name="java.specification.version" value="1.8"/>
    <property name="webdriver.chrome.driver" value="./src/drivers/chromedriver"/>
    <property name="sun.cpu.isalist" value=""/>
    <property name="sun.jnu.encoding" value="UTF-8"/>
    <property name="java.class.path" value="/home/aluser/eclipse-workspace/CRC/target/test-classes:/home/aluser/eclipse-workspace/CRC/target/classes:/home/aluser/.m2/repository/org/seleniumhq/selenium/selenium-java/3.141.59/selenium-java-3.141.59.jar:/home/aluser/.m2/repository/org/seleniumhq/selenium/selenium-api/3.141.59/selenium-api-3.141.59.jar:/home/aluser/.m2/repository/org/seleniumhq/selenium/selenium-chrome-driver/3.141.59/selenium-chrome-driver-3.141.59.jar:/home/aluser/.m2/repository/org/seleniumhq/selenium/selenium-edge-driver/3.141.59/selenium-edge-driver-3.141.59.jar:/home/aluser/.m2/repository/org/seleniumhq/selenium/selenium-firefox-driver/3.141.59/selenium-firefox-driver-3.141.59.jar:/home/aluser/.m2/repository/org/seleniumhq/selenium/selenium-ie-driver/3.141.59/selenium-ie-driver-3.141.59.jar:/home/aluser/.m2/repository/org/seleniumhq/selenium/selenium-opera-driver/3.141.59/selenium-opera-driver-3.141.59.jar:/home/aluser/.m2/repository/org/seleniumhq/selenium/selenium-remote-driver/3.141.59/selenium-remote-driver-3.141.59.jar:/home/aluser/.m2/repository/org/seleniumhq/selenium/selenium-safari-driver/3.141.59/selenium-safari-driver-3.141.59.jar:/home/aluser/.m2/repository/org/seleniumhq/selenium/selenium-support/3.141.59/selenium-support-3.141.59.jar:/home/aluser/.m2/repository/net/bytebuddy/byte-buddy/1.8.15/byte-buddy-1.8.15.jar:/home/aluser/.m2/repository/org/apache/commons/commons-exec/1.3/commons-exec-1.3.jar:/home/aluser/.m2/repository/com/google/guava/guava/25.0-jre/guava-25.0-jre.jar:/home/aluser/.m2/repository/com/google/code/findbugs/jsr305/1.3.9/jsr305-1.3.9.jar:/home/aluser/.m2/repository/org/checkerframework/checker-compat-qual/2.0.0/checker-compat-qual-2.0.0.jar:/home/aluser/.m2/repository/com/google/errorprone/error_prone_annotations/2.1.3/error_prone_annotations-2.1.3.jar:/home/aluser/.m2/repository/com/google/j2objc/j2objc-annotations/1.1/j2objc-annotations-1.1.jar:/home/aluser/.m2/repository/org/codehaus/mojo/animal-sniffer-annotations/1.14/animal-sniffer-annotations-1.14.jar:/home/aluser/.m2/repository/com/squareup/okhttp3/okhttp/3.11.0/okhttp-3.11.0.jar:/home/aluser/.m2/repository/com/squareup/okio/okio/1.14.0/okio-1.14.0.jar:/home/aluser/.m2/repository/commons-io/commons-io/2.8.0/commons-io-2.8.0.jar:/home/aluser/.m2/repository/org/apache/poi/poi/4.1.2/poi-4.1.2.jar:/home/aluser/.m2/repository/commons-codec/commons-codec/1.13/commons-codec-1.13.jar:/home/aluser/.m2/repository/org/apache/commons/commons-collections4/4.4/commons-collections4-4.4.jar:/home/aluser/.m2/repository/org/apache/commons/commons-math3/3.6.1/commons-math3-3.6.1.jar:/home/aluser/.m2/repository/com/zaxxer/SparseBitSet/1.2/SparseBitSet-1.2.jar:/home/aluser/.m2/repository/org/testng/testng/7.3.0/testng-7.3.0.jar:/home/aluser/.m2/repository/com/beust/jcommander/1.78/jcommander-1.78.jar:/home/aluser/.m2/repository/org/apache/ant/ant/1.10.3/ant-1.10.3.jar:/home/aluser/.m2/repository/org/apache/ant/ant-launcher/1.10.3/ant-launcher-1.10.3.jar:/home/aluser/.m2/repository/junit/junit/4.12/junit-4.12.jar:/home/aluser/.m2/repository/org/hamcrest/hamcrest-core/1.3/hamcrest-core-1.3.jar:/home/aluser/.m2/repository/com/google/inject/guice/4.2.2/guice-4.2.2-no_aop.jar:/home/aluser/.m2/repository/javax/inject/javax.inject/1/javax.inject-1.jar:/home/aluser/.m2/repository/aopalliance/aopalliance/1.0/aopalliance-1.0.jar:/home/aluser/.m2/repository/org/yaml/snakeyaml/1.21/snakeyaml-1.21.jar:/home/aluser/.m2/repository/com/googlecode/json-simple/json-simple/1.1.1/json-simple-1.1.1.jar:/home/aluser/.m2/repository/com/relevantcodes/extentreports/2.41.2/extentreports-2.41.2.jar:/home/aluser/.m2/repository/org/jsoup/jsoup/1.8.3/jsoup-1.8.3.jar:/home/aluser/.m2/repository/org/xerial/sqlite-jdbc/3.8.11.1/sqlite-jdbc-3.8.11.1.jar:/home/aluser/.m2/repository/org/freemarker/freemarker/2.3.23/freemarker-2.3.23.jar:/home/aluser/.m2/repository/org/mongodb/mongodb-driver/3.0.4/mongodb-driver-3.0.4.jar:/home/aluser/.m2/repository/org/mongodb/bson/3.0.4/bson-3.0.4.jar:/home/aluser/.m2/repository/org/mongodb/mongodb-driver-core/3.0.4/mongodb-driver-core-3.0.4.jar:/home/aluser/.m2/repository/com/aventstack/extentreports/3.0.6/extentreports-3.0.6.jar:/home/aluser/.m2/repository/org/apache/httpcomponents/httpclient/4.5.2/httpclient-4.5.2.jar:/home/aluser/.m2/repository/org/apache/httpcomponents/httpcore/4.4.4/httpcore-4.4.4.jar:/home/aluser/.m2/repository/commons-logging/commons-logging/1.2/commons-logging-1.2.jar:/home/aluser/.m2/repository/org/apache/httpcomponents/httpmime/4.5.2/httpmime-4.5.2.jar:"/>
    <property name="java.vm.vendor" value="Private Build"/>
    <property name="sun.arch.data.model" value="64"/>
    <property name="java.vendor.url" value="http://java.oracle.com/"/>
    <property name="user.timezone" value="Asia/Kolkata"/>
    <property name="java.vm.specification.version" value="1.8"/>
    <property name="os.name" value="Linux"/>
    <property name="user.country" value="IN"/>
    <property name="sun.java.launcher" value="SUN_STANDARD"/>
    <property name="sun.boot.library.path" value="/usr/lib/jvm/java-8-openjdk-amd64/jre/lib/amd64"/>
    <property name="sun.java.command" value="/home/aluser/eclipse-workspace/CRC/target/surefire/surefirebooter4842611211852178890.jar /home/aluser/eclipse-workspace/CRC/target/surefire 2021-12-27T15-32-38_643-jvmRun1 surefire191242149056013473tmp surefire_02420135424304806035tmp"/>
    <property name="surefire.test.class.path" value="/home/aluser/eclipse-workspace/CRC/target/test-classes:/home/aluser/eclipse-workspace/CRC/target/classes:/home/aluser/.m2/repository/org/seleniumhq/selenium/selenium-java/3.141.59/selenium-java-3.141.59.jar:/home/aluser/.m2/repository/org/seleniumhq/selenium/selenium-api/3.141.59/selenium-api-3.141.59.jar:/home/aluser/.m2/repository/org/seleniumhq/selenium/selenium-chrome-driver/3.141.59/selenium-chrome-driver-3.141.59.jar:/home/aluser/.m2/repository/org/seleniumhq/selenium/selenium-edge-driver/3.141.59/selenium-edge-driver-3.141.59.jar:/home/aluser/.m2/repository/org/seleniumhq/selenium/selenium-firefox-driver/3.141.59/selenium-firefox-driver-3.141.59.jar:/home/aluser/.m2/repository/org/seleniumhq/selenium/selenium-ie-driver/3.141.59/selenium-ie-driver-3.141.59.jar:/home/aluser/.m2/repository/org/seleniumhq/selenium/selenium-opera-driver/3.141.59/selenium-opera-driver-3.141.59.jar:/home/aluser/.m2/repository/org/seleniumhq/selenium/selenium-remote-driver/3.141.59/selenium-remote-driver-3.141.59.jar:/home/aluser/.m2/repository/org/seleniumhq/selenium/selenium-safari-driver/3.141.59/selenium-safari-driver-3.141.59.jar:/home/aluser/.m2/repository/org/seleniumhq/selenium/selenium-support/3.141.59/selenium-support-3.141.59.jar:/home/aluser/.m2/repository/net/bytebuddy/byte-buddy/1.8.15/byte-buddy-1.8.15.jar:/home/aluser/.m2/repository/org/apache/commons/commons-exec/1.3/commons-exec-1.3.jar:/home/aluser/.m2/repository/com/google/guava/guava/25.0-jre/guava-25.0-jre.jar:/home/aluser/.m2/repository/com/google/code/findbugs/jsr305/1.3.9/jsr305-1.3.9.jar:/home/aluser/.m2/repository/org/checkerframework/checker-compat-qual/2.0.0/checker-compat-qual-2.0.0.jar:/home/aluser/.m2/repository/com/google/errorprone/error_prone_annotations/2.1.3/error_prone_annotations-2.1.3.jar:/home/aluser/.m2/repository/com/google/j2objc/j2objc-annotations/1.1/j2objc-annotations-1.1.jar:/home/aluser/.m2/repository/org/codehaus/mojo/animal-sniffer-annotations/1.14/animal-sniffer-annotations-1.14.jar:/home/aluser/.m2/repository/com/squareup/okhttp3/okhttp/3.11.0/okhttp-3.11.0.jar:/home/aluser/.m2/repository/com/squareup/okio/okio/1.14.0/okio-1.14.0.jar:/home/aluser/.m2/repository/commons-io/commons-io/2.8.0/commons-io-2.8.0.jar:/home/aluser/.m2/repository/org/apache/poi/poi/4.1.2/poi-4.1.2.jar:/home/aluser/.m2/repository/commons-codec/commons-codec/1.13/commons-codec-1.13.jar:/home/aluser/.m2/repository/org/apache/commons/commons-collections4/4.4/commons-collections4-4.4.jar:/home/aluser/.m2/repository/org/apache/commons/commons-math3/3.6.1/commons-math3-3.6.1.jar:/home/aluser/.m2/repository/com/zaxxer/SparseBitSet/1.2/SparseBitSet-1.2.jar:/home/aluser/.m2/repository/org/testng/testng/7.3.0/testng-7.3.0.jar:/home/aluser/.m2/repository/com/beust/jcommander/1.78/jcommander-1.78.jar:/home/aluser/.m2/repository/org/apache/ant/ant/1.10.3/ant-1.10.3.jar:/home/aluser/.m2/repository/org/apache/ant/ant-launcher/1.10.3/ant-launcher-1.10.3.jar:/home/aluser/.m2/repository/junit/junit/4.12/junit-4.12.jar:/home/aluser/.m2/repository/org/hamcrest/hamcrest-core/1.3/hamcrest-core-1.3.jar:/home/aluser/.m2/repository/com/google/inject/guice/4.2.2/guice-4.2.2-no_aop.jar:/home/aluser/.m2/repository/javax/inject/javax.inject/1/javax.inject-1.jar:/home/aluser/.m2/repository/aopalliance/aopalliance/1.0/aopalliance-1.0.jar:/home/aluser/.m2/repository/org/yaml/snakeyaml/1.21/snakeyaml-1.21.jar:/home/aluser/.m2/repository/com/googlecode/json-simple/json-simple/1.1.1/json-simple-1.1.1.jar:/home/aluser/.m2/repository/com/relevantcodes/extentreports/2.41.2/extentreports-2.41.2.jar:/home/aluser/.m2/repository/org/jsoup/jsoup/1.8.3/jsoup-1.8.3.jar:/home/aluser/.m2/repository/org/xerial/sqlite-jdbc/3.8.11.1/sqlite-jdbc-3.8.11.1.jar:/home/aluser/.m2/repository/org/freemarker/freemarker/2.3.23/freemarker-2.3.23.jar:/home/aluser/.m2/repository/org/mongodb/mongodb-driver/3.0.4/mongodb-driver-3.0.4.jar:/home/aluser/.m2/repository/org/mongodb/bson/3.0.4/bson-3.0.4.jar:/home/aluser/.m2/repository/org/mongodb/mongodb-driver-core/3.0.4/mongodb-driver-core-3.0.4.jar:/home/aluser/.m2/repository/com/aventstack/extentreports/3.0.6/extentreports-3.0.6.jar:/home/aluser/.m2/repository/org/apache/httpcomponents/httpclient/4.5.2/httpclient-4.5.2.jar:/home/aluser/.m2/repository/org/apache/httpcomponents/httpcore/4.4.4/httpcore-4.4.4.jar:/home/aluser/.m2/repository/commons-logging/commons-logging/1.2/commons-logging-1.2.jar:/home/aluser/.m2/repository/org/apache/httpcomponents/httpmime/4.5.2/httpmime-4.5.2.jar:"/>
    <property name="sun.cpu.endian" value="little"/>
    <property name="user.home" value="/home/aluser"/>
    <property name="user.language" value="en"/>
    <property name="java.specification.vendor" value="Oracle Corporation"/>
    <property name="java.home" value="/usr/lib/jvm/java-8-openjdk-amd64/jre"/>
    <property name="basedir" value="/home/aluser/eclipse-workspace/CRC"/>
    <property name="file.separator" value="/"/>
    <property name="line.separator" value="&#10;"/>
    <property name="java.vm.specification.vendor" value="Oracle Corporation"/>
    <property name="java.specification.name" value="Java Platform API Specification"/>
    <property name="java.awt.graphicsenv" value="sun.awt.X11GraphicsEnvironment"/>
    <property name="surefire.real.class.path" value="/home/aluser/eclipse-workspace/CRC/target/surefire/surefirebooter4842611211852178890.jar"/>
    <property name="sun.boot.class.path" value="/usr/lib/jvm/java-8-openjdk-amd64/jre/lib/resources.jar:/usr/lib/jvm/java-8-openjdk-amd64/jre/lib/rt.jar:/usr/lib/jvm/java-8-openjdk-amd64/jre/lib/sunrsasign.jar:/usr/lib/jvm/java-8-openjdk-amd64/jre/lib/jsse.jar:/usr/lib/jvm/java-8-openjdk-amd64/jre/lib/jce.jar:/usr/lib/jvm/java-8-openjdk-amd64/jre/lib/charsets.jar:/usr/lib/jvm/java-8-openjdk-amd64/jre/lib/jfr.jar:/usr/lib/jvm/java-8-openjdk-amd64/jre/classes"/>
    <property name="sun.management.compiler" value="HotSpot 64-Bit Tiered Compilers"/>
    <property name="java.runtime.version" value="1.8.0_312-8u312-b07-0ubuntu1~20.04-b07"/>
    <property name="user.name" value="aluser"/>
    <property name="path.separator" value=":"/>
    <property name="os.version" value="5.11.0-43-generic"/>
    <property name="java.endorsed.dirs" value="/usr/lib/jvm/java-8-openjdk-amd64/jre/lib/endorsed"/>
    <property name="java.runtime.name" value="OpenJDK Runtime Environment"/>
    <property name="file.encoding" value="UTF-8"/>
    <property name="java.vm.name" value="OpenJDK 64-Bit Server VM"/>
    <property name="localRepository" value="/home/aluser/.m2/repository"/>
    <property name="java.vendor.url.bug" value="http://bugreport.sun.com/bugreport/"/>
    <property name="java.io.tmpdir" value="/tmp"/>
    <property name="java.version" value="1.8.0_312"/>
    <property name="user.dir" value="/home/aluser/eclipse-workspace/CRC"/>
    <property name="os.arch" value="amd64"/>
    <property name="java.vm.specification.name" value="Java Virtual Machine Specification"/>
    <property name="java.awt.printerjob" value="sun.print.PSPrinterJob"/>
    <property name="sun.os.patch.level" value="unknown"/>
    <property name="java.library.path" value="/usr/java/packages/lib/amd64:/usr/lib/x86_64-linux-gnu/jni:/lib/x86_64-linux-gnu:/usr/lib/x86_64-linux-gnu:/usr/lib/jni:/lib:/usr/lib"/>
    <property name="java.vm.info" value="mixed mode"/>
    <property name="java.vendor" value="Private Build"/>
    <property name="java.vm.version" value="25.312-b07"/>
    <property name="java.ext.dirs" value="/usr/lib/jvm/java-8-openjdk-amd64/jre/lib/ext:/usr/java/packages/lib/ext"/>
    <property name="sun.io.unicode.encoding" value="UnicodeLittle"/>
    <property name="java.class.version" value="52.0"/>
  </properties>
  <testcase name="SampleReport[uiux@yopmail.com,Test@1234,Enter,client,ncs9825@yopmail.com,danielrosen,flatop63,3944,daniel@credit-aid.com,flatop63,3944,daniel@credit-aid.com,flatop63,dr@creditrepaircloud.com,flatop63,ncs9825@yopmail.com](1)" classname="scripts.MainTest" time="78.036">
    <system-out><![CDATA[Browser Name is: chrome
(1534, 873)
Enterclient347@yopmail.com


Sample Reportis selected

]]></system-out>
    <system-err><![CDATA[Dec 27, 2021 3:32:40 PM com.relevantcodes.extentreports.ExtentReports loadConfig
WARNING: Unable to perform report configuration. The file /home/aluser/eclipse-workspace/CRC\extent-config.xml was not found.
Starting ChromeDriver 95.0.4638.17 (a9d0719444d4b035e284ed1fce73bf6ccd789df2-refs/branch-heads/4638@{#178}) on port 12406
Only local connections are allowed.
Please see https://chromedriver.chromium.org/security-considerations for suggestions on keeping ChromeDriver safe.
ChromeDriver was started successfully.
Dec 27, 2021 3:32:41 PM org.openqa.selenium.remote.ProtocolHandshake createSession
INFO: Detected dialect: W3C
]]></system-err>
  </testcase>
  <testcase name="delete" classname="scripts.MainTest" time="80.526">
    <failure message="Keys to send should be a not null CharSequence" type="java.lang.IllegalArgumentException"><![CDATA[java.lang.IllegalArgumentException: Keys to send should be a not null CharSequence
	at scripts.MainTest.delete(MainTest.java:103)
]]></failure>
  </testcase>
  <testcase name="getResult" classname="scripts.MainTest" time="0">
    <skipped/>
  </testcase>
  <testcase name="endReport" classname="scripts.MainTest" time="0">
    <skipped/>
  </testcase>
</testsuite>