<?xml version="1.0" encoding="UTF-8"?>
<!-- Generated by org.testng.reporters.JUnitReportReporter -->
<testsuite skipped="0" hostname="al-038" name="scripts.MainTest" tests="2" failures="1" timestamp="2021-12-22T20:18:06 IST" time="191.388" errors="0">
  <testcase name="SampleReport" time="120.864" classname="scripts.MainTest"/>
  <system-out>
    <![CDATA[Login Successfully
Client module opened successfully
portalaccess on
Clicked on save button
Client created successfully
Import/Audit button is visible in clientdashboard
Clients entered into import page
Import credit report tab is selected
clicked on import credit report nowbutton
popup is displaying
oneclick auto import tab is opened
username and password is autoentered
Running autoimport
Credit analysis popup is displaying
Simple audit is done]]>
  </system-out>
  <testcase name="PrivacyGuard" time="70.524" classname="scripts.MainTest">
    <failure type="java.lang.AssertionError" message="null">
      <![CDATA[java.lang.AssertionError: null
at org.testng.Assert.fail(Assert.java:99)
at org.testng.Assert.fail(Assert.java:106)
at generic.BasePageCrc.elementvisibility(BasePageCrc.java:42)
at pom.ImportPrivacyGuard.importandrunsimpleaudit(ImportPrivacyGuard.java:292)
at pom.ImportPrivacyGuard.oneclickimport(ImportPrivacyGuard.java:214)
at scripts.MainTest.PrivacyGuard(MainTest.java:48)
at sun.reflect.NativeMethodAccessorImpl.invoke0(Native Method)
at sun.reflect.NativeMethodAccessorImpl.invoke(NativeMethodAccessorImpl.java:62)
at sun.reflect.DelegatingMethodAccessorImpl.invoke(DelegatingMethodAccessorImpl.java:43)
at java.lang.reflect.Method.invoke(Method.java:498)
at org.testng.internal.MethodInvocationHelper.invokeMethod(MethodInvocationHelper.java:133)
at org.testng.internal.TestInvoker.invokeMethod(TestInvoker.java:598)
at org.testng.internal.TestInvoker.invokeTestMethod(TestInvoker.java:173)
at org.testng.internal.MethodRunner.runInSequence(MethodRunner.java:46)
at org.testng.internal.TestInvoker$MethodInvocationAgent.invoke(TestInvoker.java:824)
at org.testng.internal.TestInvoker.invokeTestMethods(TestInvoker.java:146)
at org.testng.internal.TestMethodWorker.invokeTestMethods(TestMethodWorker.java:146)
at org.testng.internal.TestMethodWorker.run(TestMethodWorker.java:128)
at java.util.ArrayList.forEach(ArrayList.java:1259)
at org.testng.TestRunner.privateRun(TestRunner.java:794)
at org.testng.TestRunner.run(TestRunner.java:596)
at org.testng.SuiteRunner.runTest(SuiteRunner.java:377)
at org.testng.SuiteRunner.runSequentially(SuiteRunner.java:371)
at org.testng.SuiteRunner.privateRun(SuiteRunner.java:332)
at org.testng.SuiteRunner.run(SuiteRunner.java:276)
at org.testng.SuiteRunnerWorker.runSuite(SuiteRunnerWorker.java:53)
at org.testng.SuiteRunnerWorker.run(SuiteRunnerWorker.java:96)
at org.testng.TestNG.runSuitesSequentially(TestNG.java:1212)
at org.testng.TestNG.runSuitesLocally(TestNG.java:1134)
at org.testng.TestNG.runSuites(TestNG.java:1063)
at org.testng.TestNG.run(TestNG.java:1031)
at org.testng.remote.AbstractRemoteTestNG.run(AbstractRemoteTestNG.java:115)
at org.testng.remote.RemoteTestNG.initAndRun(RemoteTestNG.java:251)
at org.testng.remote.RemoteTestNG.main(RemoteTestNG.java:77)
]]>
    </failure>
  </testcase> <!-- PrivacyGuard -->
  <system-out>
    <![CDATA[Login Successfully
Client module opened successfully
portalaccess on
Clicked on save button
Client created successfully
Import/Audit button is visible in clientdashboard
Clients entered into import page
Import credit report tab is selected
clicked on import credit report nowbutton
popup is displaying
oneclick auto import tab is opened
Running autoimport
fail: element is not visible]]>
  </system-out>
</testsuite> <!-- scripts.MainTest -->
