<?xml version="1.0" encoding="UTF-8"?>
<!-- Generated by org.testng.reporters.JUnitReportReporter -->
<testsuite skipped="0" hostname="al-038" name="scripts.Login" tests="1" failures="0" timestamp="2021-11-24T16:58:52 IST" time="533.849" errors="0">
  <testcase name="LogintoApplication" time="533.849" classname="scripts.Login"/>
  <system-out>
Login Successfully  </system-out>
</testsuite> <!-- scripts.Login -->
