<?xml version="1.0" encoding="UTF-8"?>
<!-- Generated by org.testng.reporters.JUnitReportReporter -->
<testsuite skipped="2" hostname="al-038" name="scripts.MainTest" tests="6" failures="1" timestamp="2021-12-15T18:39:38 IST" time="360.113" errors="0">
  <testcase name="delete" time="38.726" classname="scripts.MainTest">
    <failure type="java.lang.AssertionError" message="expected [true] but found [false]">
      <![CDATA[java.lang.AssertionError: expected [true] but found [false]
at org.testng.Assert.fail(Assert.java:99)
at org.testng.Assert.failNotEquals(Assert.java:1037)
at org.testng.Assert.assertTrue(Assert.java:45)
at org.testng.Assert.assertTrue(Assert.java:55)
at pom.DeleteFlowPage.deleteflow(DeleteFlowPage.java:76)
at scripts.MainTest.delete(MainTest.java:98)
at sun.reflect.NativeMethodAccessorImpl.invoke0(Native Method)
at sun.reflect.NativeMethodAccessorImpl.invoke(NativeMethodAccessorImpl.java:62)
at sun.reflect.DelegatingMethodAccessorImpl.invoke(DelegatingMethodAccessorImpl.java:43)
at java.lang.reflect.Method.invoke(Method.java:498)
at org.testng.internal.MethodInvocationHelper.invokeMethod(MethodInvocationHelper.java:132)
at org.testng.internal.MethodInvocationHelper.invokeMethodConsideringTimeout(MethodInvocationHelper.java:61)
at org.testng.internal.ConfigInvoker.invokeConfigurationMethod(ConfigInvoker.java:366)
at org.testng.internal.ConfigInvoker.invokeConfigurations(ConfigInvoker.java:320)
at org.testng.internal.TestInvoker.runConfigMethods(TestInvoker.java:701)
at org.testng.internal.TestInvoker.runAfterGroupsConfigurations(TestInvoker.java:677)
at org.testng.internal.TestInvoker.invokeMethod(TestInvoker.java:661)
at org.testng.internal.TestInvoker.invokeTestMethod(TestInvoker.java:174)
at org.testng.internal.MethodRunner.runInSequence(MethodRunner.java:46)
at org.testng.internal.TestInvoker$MethodInvocationAgent.invoke(TestInvoker.java:822)
at org.testng.internal.TestInvoker.invokeTestMethods(TestInvoker.java:147)
at org.testng.internal.TestMethodWorker.invokeTestMethods(TestMethodWorker.java:146)
at org.testng.internal.TestMethodWorker.run(TestMethodWorker.java:128)
at java.util.ArrayList.forEach(ArrayList.java:1259)
at org.testng.TestRunner.privateRun(TestRunner.java:764)
at org.testng.TestRunner.run(TestRunner.java:585)
at org.testng.SuiteRunner.runTest(SuiteRunner.java:384)
at org.testng.SuiteRunner.runSequentially(SuiteRunner.java:378)
at org.testng.SuiteRunner.privateRun(SuiteRunner.java:337)
at org.testng.SuiteRunner.run(SuiteRunner.java:286)
at org.testng.SuiteRunnerWorker.runSuite(SuiteRunnerWorker.java:53)
at org.testng.SuiteRunnerWorker.run(SuiteRunnerWorker.java:96)
at org.testng.TestNG.runSuitesSequentially(TestNG.java:1218)
at org.testng.TestNG.runSuitesLocally(TestNG.java:1140)
at org.testng.TestNG.runSuites(TestNG.java:1069)
at org.testng.TestNG.run(TestNG.java:1037)
at org.apache.maven.surefire.testng.TestNGExecutor.run(TestNGExecutor.java:284)
at org.apache.maven.surefire.testng.TestNGXmlTestSuite.execute(TestNGXmlTestSuite.java:75)
at org.apache.maven.surefire.testng.TestNGProvider.invoke(TestNGProvider.java:119)
at org.apache.maven.surefire.booter.ForkedBooter.runSuitesInProcess(ForkedBooter.java:428)
at org.apache.maven.surefire.booter.ForkedBooter.execute(ForkedBooter.java:162)
at org.apache.maven.surefire.booter.ForkedBooter.run(ForkedBooter.java:562)
at org.apache.maven.surefire.booter.ForkedBooter.main(ForkedBooter.java:548)
]]>
    </failure>
  </testcase> <!-- delete -->
  <system-out>
pass: element is visible   </system-out>
  <testcase name="SampleReport" time="71.901" classname="scripts.MainTest"/>
  <system-out>
Login Successfully Client module opened successfully portalaccess on Clicked on save button Client created successfully Import/Audit button is visible in clientdashboard Clients entered into import page Import credit report tab is selected clicked on import credit report nowbutton popup is displaying oneclick auto import tab is opened username and password is autoentered Running autoimport Credit analysis popup is displaying Simple audit is done  </system-out>
  <testcase name="MyIdentityIq" time="135.592" classname="scripts.MainTest"/>
  <system-out>
Login Successfully Client module opened successfully portalaccess on Clicked on save button Client created successfully Import/Audit button is visible in clientdashboard Clients entered into import page Import credit report tab is selected clicked on import credit report nowbutton popup is displaying oneclick auto import tab is opened Running autoimport Credit analysis popup is displaying Simple audit is done  </system-out>
  <testcase name="MyFreeScoreNow" time="113.894" classname="scripts.MainTest"/>
  <system-out>
Login Successfully Client module opened successfully portalaccess on Clicked on save button Client created successfully Import/Audit button is visible in clientdashboard Clients entered into import page Import credit report tab is selected clicked on import credit report nowbutton popup is displaying oneclick auto import tab is opened Running autoimport pass: element is visible   </system-out>
  <testcase name="SmartCredit" time="0.000" classname="scripts.MainTest">
    <skipped/>
  </testcase> <!-- SmartCredit -->
  <system-out/>
  <testcase name="PrivacyGuard" time="0.000" classname="scripts.MainTest">
    <skipped/>
  </testcase> <!-- PrivacyGuard -->
  <system-out/>
</testsuite> <!-- scripts.MainTest -->
