<?xml version="1.0" encoding="UTF-8"?>
<!-- Generated by org.testng.reporters.JUnitReportReporter -->
<testsuite skipped="0" hostname="al-038" name="scripts.MainTest" tests="1" failures="0" timestamp="2021-12-14T15:47:51 IST" time="63.276" errors="0">
  <testcase name="CRC" time="63.276" classname="scripts.MainTest"/>
  <system-out>
Login Successfully Client module opened successfully portalaccess on Clicked on save button Client created successfully Import/Audit button is visible in clientdashboard Clients entered into import page Import credit report tab is selected clicked on import credit report nowbutton popup is displaying oneclick auto import tab is opened Running autoimport pass: element is visible   </system-out>
</testsuite> <!-- scripts.MainTest -->
